This is pdfTeX, Version 3.14159265-2.6-1.40.21 (TeX Live 2020/Debian) (preloaded format=pdflatex 2022.4.18)  16 MAY 2022 23:55
entering extended mode
 restricted \write18 enabled.
 file:line:error style messages enabled.
 %&-line parsing enabled.
**"/media/sf_Universidad/TFM/MSc-Beam-orbit-stability-control/Text/Thesis report/main.tex"
(/media/sf_Universidad/TFM/MSc-Beam-orbit-stability-control/Text/Thesis report/main.tex
LaTeX2e <2020-10-01> patch level 4
L3 programming layer <2021-01-09> xparse <2020-03-03> (/usr/share/texlive/texmf-dist/tex/latex/base/report.cls
Document Class: report 2020/04/10 v1.4m Standard LaTeX document class
(/usr/share/texlive/texmf-dist/tex/latex/base/size10.clo
File: size10.clo 2020/04/10 v1.4m Standard LaTeX file (size option)
)
\c@part=\count177
\c@chapter=\count178
\c@section=\count179
\c@subsection=\count180
\c@subsubsection=\count181
\c@paragraph=\count182
\c@subparagraph=\count183
\c@figure=\count184
\c@table=\count185
\abovecaptionskip=\skip47
\belowcaptionskip=\skip48
\bibindent=\dimen138
) (/usr/share/texlive/texmf-dist/tex/latex/geometry/geometry.sty
Package: geometry 2020/01/02 v5.9 Page Geometry
 (/usr/share/texlive/texmf-dist/tex/latex/graphics/keyval.sty
Package: keyval 2014/10/28 v1.15 key=value parser (DPC)
\KV@toks@=\toks15
) (/usr/share/texlive/texmf-dist/tex/generic/iftex/ifvtex.sty
Package: ifvtex 2019/10/25 v1.7 ifvtex legacy package. Use iftex instead.
 (/usr/share/texlive/texmf-dist/tex/generic/iftex/iftex.sty
Package: iftex 2020/03/06 v1.0d TeX engine tests
))
\Gm@cnth=\count186
\Gm@cntv=\count187
\c@Gm@tempcnt=\count188
\Gm@bindingoffset=\dimen139
\Gm@wd@mp=\dimen140
\Gm@odd@mp=\dimen141
\Gm@even@mp=\dimen142
\Gm@layoutwidth=\dimen143
\Gm@layoutheight=\dimen144
\Gm@layouthoffset=\dimen145
\Gm@layoutvoffset=\dimen146
\Gm@dimlist=\toks16
) (/usr/share/texlive/texmf-dist/tex/latex/l3backend/l3backend-pdftex.def
File: l3backend-pdftex.def 2020-01-29 L3 backend support: PDF output (pdfTeX)
\l__color_backend_stack_int=\count189
\l__pdf_internal_box=\box47
) (/media/sf_Universidad/TFM/MSc-Beam-orbit-stability-control/Text/Thesis report/main.aux (/media/sf_Universidad/TFM/MSc-Beam-orbit-stability-control/Text/Thesis report/chapters/chapter_1.aux) (/media/sf_Universidad/TFM/MSc-Beam-orbit-stability-control/Text/Thesis report/chapters/chapter_2.aux) (/media/sf_Universidad/TFM/MSc-Beam-orbit-stability-control/Text/Thesis report/chapters/chapter_3.aux) (/media/sf_Universidad/TFM/MSc-Beam-orbit-stability-control/Text/Thesis report/chapters/chapter_4.aux) (/media/sf_Universidad/TFM/MSc-Beam-orbit-stability-control/Text/Thesis report/chapters/chapter_5.aux) (/media/sf_Universidad/TFM/MSc-Beam-orbit-stability-control/Text/Thesis report/chapters/chapter_6.aux))
\openout1 = `main.aux'.

LaTeX Font Info:    Checking defaults for OML/cmm/m/it on input line 4.
LaTeX Font Info:    ... okay on input line 4.
LaTeX Font Info:    Checking defaults for OMS/cmsy/m/n on input line 4.
LaTeX Font Info:    ... okay on input line 4.
LaTeX Font Info:    Checking defaults for OT1/cmr/m/n on input line 4.
LaTeX Font Info:    ... okay on input line 4.
LaTeX Font Info:    Checking defaults for T1/cmr/m/n on input line 4.
LaTeX Font Info:    ... okay on input line 4.
LaTeX Font Info:    Checking defaults for TS1/cmr/m/n on input line 4.
LaTeX Font Info:    ... okay on input line 4.
LaTeX Font Info:    Checking defaults for OMX/cmex/m/n on input line 4.
LaTeX Font Info:    ... okay on input line 4.
LaTeX Font Info:    Checking defaults for U/cmr/m/n on input line 4.
LaTeX Font Info:    ... okay on input line 4.

*geometry* driver: auto-detecting
*geometry* detected driver: pdftex
*geometry* verbose mode - [ preamble ] result:
* driver: pdftex
* paper: a4paper
* layout: <same size as paper>
* layoutoffset:(h,v)=(0.0pt,0.0pt)
* modes: 
* h-part:(L,W,R)=(81.94394pt, 433.62pt, 81.94394pt)
* v-part:(T,H,B)=(106.75473pt, 578.15999pt, 160.13213pt)
* \paperwidth=597.50787pt
* \paperheight=845.04684pt
* \textwidth=433.62pt
* \textheight=578.15999pt
* \oddsidemargin=9.67395pt
* \evensidemargin=9.67395pt
* \topmargin=-2.51526pt
* \headheight=12.0pt
* \headsep=25.0pt
* \topskip=10.0pt
* \footskip=30.0pt
* \marginparwidth=65.0pt
* \marginparsep=11.0pt
* \columnsep=10.0pt
* \skip\footins=9.0pt plus 4.0pt minus 2.0pt
* \hoffset=0.0pt
* \voffset=0.0pt
* \mag=1000
* \@twocolumnfalse
* \@twosidefalse
* \@mparswitchfalse
* \@reversemarginfalse
* (1in=72.27pt=25.4mm, 1cm=28.453pt)

\openout2 = `chapters/chapter_1.aux'.

(/media/sf_Universidad/TFM/MSc-Beam-orbit-stability-control/Text/Thesis report/chapters/chapter_1.tex
Chapter 1.
[1



{/var/lib/texmf/fonts/map/pdftex/updmap/pdftex.map}]) [2]
\openout2 = `chapters/chapter_2.aux'.

 (/media/sf_Universidad/TFM/MSc-Beam-orbit-stability-control/Text/Thesis report/chapters/chapter_2.tex
Chapter 2.
) [3




]
\openout2 = `chapters/chapter_3.aux'.

 (/media/sf_Universidad/TFM/MSc-Beam-orbit-stability-control/Text/Thesis report/chapters/chapter_3.tex
Chapter 3.
) [4




]
\openout2 = `chapters/chapter_4.aux'.

 (/media/sf_Universidad/TFM/MSc-Beam-orbit-stability-control/Text/Thesis report/chapters/chapter_4.tex
Chapter 4.
) [5




]
\openout2 = `chapters/chapter_5.aux'.

 (/media/sf_Universidad/TFM/MSc-Beam-orbit-stability-control/Text/Thesis report/chapters/chapter_5.tex
Chapter 5.
) [6




]
\openout2 = `chapters/chapter_6.aux'.

 (/media/sf_Universidad/TFM/MSc-Beam-orbit-stability-control/Text/Thesis report/chapters/chapter_6.tex
Chapter 6.
) [7




] (/media/sf_Universidad/TFM/MSc-Beam-orbit-stability-control/Text/Thesis report/main.bbl) [8



] (/media/sf_Universidad/TFM/MSc-Beam-orbit-stability-control/Text/Thesis report/main.aux (/media/sf_Universidad/TFM/MSc-Beam-orbit-stability-control/Text/Thesis report/chapters/chapter_1.aux) (/media/sf_Universidad/TFM/MSc-Beam-orbit-stability-control/Text/Thesis report/chapters/chapter_2.aux) (/media/sf_Universidad/TFM/MSc-Beam-orbit-stability-control/Text/Thesis report/chapters/chapter_3.aux) (/media/sf_Universidad/TFM/MSc-Beam-orbit-stability-control/Text/Thesis report/chapters/chapter_4.aux) (/media/sf_Universidad/TFM/MSc-Beam-orbit-stability-control/Text/Thesis report/chapters/chapter_5.aux) (/media/sf_Universidad/TFM/MSc-Beam-orbit-stability-control/Text/Thesis report/chapters/chapter_6.aux)) ) 
Here is how much of TeX's memory you used:
 1067 strings out of 481252
 21051 string characters out of 5915888
 295509 words of memory out of 5000000
 18020 multiletter control sequences out of 15000+600000
 406533 words of font info for 37 fonts, out of 8000000 for 9000
 14 hyphenation exceptions out of 8191
 68i,4n,74p,637b,158s stack positions out of 5000i,500n,10000p,200000b,80000s
 </home/jgnav/.texlive2020/texmf-var/fonts/pk/ljfour/jknappen/ec/tcrm1000.600pk></usr/share/texlive/texmf-dist/fonts/type1/public/amsfonts/cm/cmbx12.pfb></usr/share/texlive/texmf-dist/fonts/type1/public/amsfonts/cm/cmr10.pfb></usr/share/texlive/texmf-dist/fonts/type1/public/amsfonts/cm/cmti10.pfb>
Output written on "/media/sf_Universidad/TFM/MSc-Beam-orbit-stability-control/Text/Thesis report/main.pdf" (8 pages, 59286 bytes).
PDF statistics:
 48 PDF objects out of 1000 (max. 8388607)
 33 compressed objects within 1 object stream
 0 named destinations out of 1000 (max. 500000)
 1 words of extra memory for PDF output out of 10000 (max. 10000000)

