\BOOKMARK [1][-]{section.14}{\376\377\0001\000\040\000I\000n\000t\000r\000o\000d\000u\000c\000t\000i\000o\000n}{}% 1
\BOOKMARK [1][-]{section.15}{\376\377\0002\000\040\000I\000n\000t\000r\000o\000d\000u\000c\000t\000i\000o\000n\000\040\000t\000o\000\040\000p\000a\000r\000t\000i\000c\000l\000e\000\040\000a\000c\000c\000e\000l\000e\000r\000a\000t\000o\000r\000s}{}% 2
\BOOKMARK [2][-]{subsection.16}{\376\377\0002\000.\0001\000\040\000H\000o\000w\000\040\000P\000a\000r\000t\000i\000c\000l\000e\000\040\000A\000c\000c\000e\000l\000e\000r\000a\000t\000o\000r\000s\000\040\000W\000o\000r\000k}{section.15}% 3
\BOOKMARK [2][-]{subsection.17}{\376\377\0002\000.\0002\000\040\000P\000a\000r\000t\000i\000c\000l\000e\000-\000B\000e\000a\000m\000\040\000D\000y\000n\000a\000m\000i\000c\000s}{section.15}% 4
\BOOKMARK [3][-]{subsubsection.18}{\376\377\0002\000.\0002\000.\0001\000\040\000C\000h\000a\000r\000g\000e\000d\000\040\000P\000a\000r\000t\000i\000c\000l\000e\000s\000\040\000i\000n\000\040\000a\000n\000\040\000E\000l\000e\000c\000t\000r\000o\000m\000a\000g\000n\000e\000t\000i\000c\000\040\000F\000i\000e\000l\000d}{subsection.17}% 5
\BOOKMARK [3][-]{subsubsection.24}{\376\377\0002\000.\0002\000.\0002\000\040\000E\000q\000u\000a\000t\000i\000o\000n\000\040\000o\000f\000\040\000M\000o\000t\000i\000o\000n}{subsection.17}% 6
\BOOKMARK [3][-]{subsubsection.25}{\376\377\0002\000.\0002\000.\0003\000\040\000P\000a\000r\000t\000i\000c\000l\000e\000\040\000T\000r\000a\000j\000e\000c\000t\000o\000r\000i\000e\000s\000\040\000a\000n\000d\000\040\000T\000r\000a\000n\000s\000f\000e\000r\000\040\000M\000a\000t\000r\000i\000c\000e\000s}{subsection.17}% 7
\BOOKMARK [3][-]{subsubsection.26}{\376\377\0002\000.\0002\000.\0004\000\040\000B\000e\000t\000a\000\040\000F\000u\000n\000c\000t\000i\000o\000n\000\040\000a\000n\000d\000\040\000B\000e\000t\000a\000t\000r\000o\000n\000\040\000O\000s\000c\000i\000l\000l\000a\000t\000i\000o\000n}{subsection.17}% 8
\BOOKMARK [3][-]{subsubsection.27}{\376\377\0002\000.\0002\000.\0005\000\040\000E\000m\000i\000t\000t\000a\000n\000c\000e}{subsection.17}% 9
\BOOKMARK [3][-]{subsubsection.28}{\376\377\0002\000.\0002\000.\0006\000\040\000T\000u\000n\000e}{subsection.17}% 10
\BOOKMARK [1][-]{section.29}{\376\377\0003\000\040\000P\000r\000o\000b\000l\000e\000m\000\040\000S\000p\000e\000c\000i\000f\000i\000c\000a\000t\000i\000o\000n\000s}{}% 11
\BOOKMARK [2][-]{subsection.30}{\376\377\0003\000.\0001\000\040\000O\000r\000b\000i\000t\000\040\000c\000o\000r\000r\000e\000c\000t\000i\000o\000n}{section.29}% 12
\BOOKMARK [3][-]{subsubsection.31}{\376\377\0003\000.\0001\000.\0001\000\040\000I\000n\000s\000t\000r\000u\000m\000e\000n\000t\000s\000\040\000o\000f\000\040\000M\000o\000n\000i\000t\000o\000r\000i\000n\000g\000\040\000a\000n\000d\000\040\000C\000o\000r\000r\000e\000c\000t\000i\000o\000n}{subsection.30}% 13
\BOOKMARK [3][-]{subsubsection.34}{\376\377\0003\000.\0001\000.\0002\000\040\000M\000e\000t\000h\000o\000d\000s}{subsection.30}% 14
\BOOKMARK [2][-]{subsection.35}{\376\377\0003\000.\0002\000\040\000S\000y\000s\000t\000e\000m\000\040\000d\000e\000s\000c\000r\000i\000p\000t\000i\000o\000n}{section.29}% 15
\BOOKMARK [2][-]{subsection.38}{\376\377\0003\000.\0003\000\040\000O\000r\000b\000i\000t\000\040\000R\000e\000s\000p\000o\000n\000s\000e\000\040\000M\000a\000t\000r\000i\000x}{section.29}% 16
\BOOKMARK [2][-]{subsection.43}{\376\377\0003\000.\0004\000\040\000O\000R\000M\000\040\000i\000n\000v\000e\000r\000s\000i\000o\000n}{section.29}% 17
\BOOKMARK [2][-]{subsection.44}{\376\377\0003\000.\0005\000\040\000C\000o\000n\000t\000r\000o\000l\000l\000e\000r}{section.29}% 18
\BOOKMARK [3][-]{subsubsection.45}{\376\377\0003\000.\0005\000.\0001\000\040\000W\000e\000i\000g\000h\000t\000e\000d\000\040\000S\000V\000D\000\040\000c\000o\000n\000t\000r\000o\000l\000l\000e\000r}{subsection.44}% 19
\BOOKMARK [3][-]{subsubsection.48}{\376\377\0003\000.\0005\000.\0002\000\040\000C\000o\000r\000r\000e\000c\000t\000i\000o\000n}{subsection.44}% 20
\BOOKMARK [1][-]{section.49}{\376\377\0004\000\040\000S\000y\000s\000t\000e\000m\000\040\000a\000n\000d\000\040\000C\000o\000r\000r\000e\000c\000t\000i\000o\000n\000\040\000S\000i\000m\000u\000l\000a\000t\000i\000o\000n}{}% 21
\BOOKMARK [2][-]{subsection.50}{\376\377\0004\000.\0001\000\040\000M\000o\000d\000e\000l\000l\000i\000n\000g\000\040\000o\000f\000\040\000G\000r\000o\000u\000n\000d\000\040\000E\000f\000f\000e\000c\000t\000s}{section.49}% 22
\BOOKMARK [2][-]{subsection.55}{\376\377\0004\000.\0002\000\040\000T\000h\000e\000o\000r\000i\000c\000a\000l\000\040\000B\000a\000c\000k\000g\000r\000o\000u\000n\000d}{section.49}% 23
\BOOKMARK [2][-]{subsection.56}{\376\377\0004\000.\0003\000\040\000S\000i\000m\000u\000l\000a\000t\000i\000o\000n\000\040\000M\000o\000d\000e\000l}{section.49}% 24
\BOOKMARK [2][-]{subsection.57}{\376\377\0004\000.\0004\000\040\000S\000i\000m\000u\000l\000a\000t\000i\000o\000n\000\040\000R\000e\000s\000u\000l\000t\000s}{section.49}% 25
\BOOKMARK [2][-]{subsection.58}{\376\377\0004\000.\0005\000\040\000R\000o\000b\000u\000s\000t\000\040\000S\000t\000a\000b\000i\000l\000i\000t\000y\000\040\000A\000n\000a\000l\000y\000s\000i\000s}{section.49}% 26
\BOOKMARK [2][-]{subsection.59}{\376\377\0004\000.\0006\000\040\000p\000y\000A\000T}{section.49}% 27
\BOOKMARK [1][-]{section.60}{\376\377\0005\000\040\000C\000o\000n\000c\000l\000u\000s\000i\000o\000n\000\040\000a\000n\000d\000\040\000O\000u\000t\000l\000o\000o\000k}{}% 28
